<?xml version="1.0" encoding="UTF-8" standalone="no"?>
<testsuite errors="0" failures="0" name="io.cucumber.core.plugin.JUnitFormatter" skipped="0" tests="2" time="0.345">
<testcase classname="feature to test login functionality" name="_2" time="0.104">
<system-out><![CDATA[Given user is on login page.................................................passed
When user enters  user1 and user1...........................................passed
And clicks on button........................................................passed
Then user is navigated to the home page.....................................passed
]]></system-out>
</testcase>
<testcase classname="feature to test login functionality" name="_3" time="0.005">
<system-out><![CDATA[Given user is on login page.................................................passed
When user enters  user2 and user2...........................................passed
And clicks on button........................................................passed
Then user is navigated to the home page.....................................passed
]]></system-out>
</testcase>
</testsuite>
